<?xml version="1.0" encoding="UTF-8"?>
<testsuite xmlns:xsi="http://www.w3.org/2001/XMLSchema-instance" xsi:noNamespaceSchemaLocation="https://maven.apache.org/surefire/maven-surefire-plugin/xsd/surefire-test-report.xsd" name="support.runtest" time="18.958" tests="2" errors="0" skipped="0" failures="0">
  <properties>
[...]
</properties>
  <testcase name="Compra de un product" classname="Funcionalidad del carrito de compra" time="9.616"/>
  <testcase name="Compra de un product" classname="Funcionalidad del carrito de compra version 2" time="8.642"/>
</testsuite>